TN:
SF:contracts/Token.sol
DA:163,119
FN:163,Token.constructor
FNDA:119,Token.constructor
DA:164,119
DA:177,117
FN:177,Token.initialize
FNDA:117,Token.initialize
DA:186,117
DA:187,117
DA:188,117
DA:189,117
DA:190,117
DA:191,117
DA:192,117
DA:193,117
DA:194,117
DA:195,117
DA:198,117
DA:199,117
DA:200,117
DA:201,117
DA:204,117
BRDA:204,0,0,117
DA:205,117
DA:214,10186
FN:214,Token.mint
FNDA:10186,Token.mint
DA:215,10186
DA:217,10186
DA:219,10185
DA:221,10185
DA:230,10185
DA:238,1002
FN:238,Token.burn
FNDA:1002,Token.burn
DA:239,1002
DA:240,1002
DA:242,1002
DA:244,1001
DA:245,1001
DA:247,1001
DA:258,1001
DA:264,4
FN:264,Token.pause
FNDA:4,Token.pause
DA:265,4
DA:266,4
DA:267,4
DA:273,1
FN:273,Token.unpause
FNDA:1,Token.unpause
DA:274,1
DA:275,1
DA:276,1
DA:283,2
FN:283,Token.freeze.0
FNDA:2,Token.freeze.0
DA:284,1
DA:286,1
DA:287,1
DA:289,1
DA:298,1
DA:306,3
FN:306,Token.blockAddress
FNDA:3,Token.blockAddress
DA:307,2
DA:308,2
DA:309,2
DA:316,1002
FN:316,Token.unblock
FNDA:1002,Token.unblock
DA:317,1002
DA:318,1002
DA:319,1002
DA:327,2008
FN:327,Token.freeze.1
FNDA:2008,Token.freeze.1
DA:328,2008
DA:335,1003
FN:335,Token.freezeAll
FNDA:1003,Token.freezeAll
DA:336,1004
DA:344,2008
FN:344,Token.isFrozen
FNDA:2008,Token.isFrozen
DA:345,23075
DA:352,22343
FN:352,Token._runSecurityChecks
FNDA:22343,Token._runSecurityChecks
DA:353,22343
BRDA:353,1,0,22343
DA:354,11039
BRDA:354,2,0,4
DA:355,11035
BRDA:355,3,0,1003
DA:362,18320
FN:362,Token._update
FNDA:18320,Token._update
DA:366,18320
DA:369,17317
BRDA:369,4,0,6013
BRDA:369,4,1,2814
DA:370,6013
DA:372,6013
BRDA:372,5,0,2816
BRDA:372,5,1,2814
DA:373,2816
DA:374,2816
DA:377,2816
DA:388,2816
DA:392,2814
BRDA:392,6,0,2813
DA:393,2813
DA:398,3197
DA:402,11304
DA:409,2
FN:409,Token._authorizeUpgrade
FNDA:2,Token._authorizeUpgrade
DA:414,1
FN:414,Token.version
FNDA:1,Token.version
DA:415,2
DA:425,39406
FN:425,Token._blockTimestamp
FNDA:39406,Token._blockTimestamp
DA:426,39406
DA:432,12196
FN:432,Token._generateOperationId
FNDA:12196,Token._generateOperationId
DA:433,12196
DA:439,12196
FN:439,Token._emitOperation
FNDA:12196,Token._emitOperation
DA:446,12196
DA:447,12196
DA:448,12196
DA:454,0
FN:454,Token._emitError
FNDA:0,Token._emitError
DA:455,0
DA:456,0
DA:466,1
FN:466,Token.healthCheck
FNDA:1,Token.healthCheck
DA:474,2
DA:475,2
DA:476,2
DA:478,2
DA:484,1
FN:484,Token.emitHealthCheck
FNDA:1,Token.emitHealthCheck
DA:485,1
DA:487,1
DA:499,1
FN:499,Token.getSystemStatus
FNDA:1,Token.getSystemStatus
DA:508,1
DA:522,2
FN:522,Token.isAdmin
FNDA:2,Token.isAdmin
DA:523,2
DA:529,2
FN:529,Token.debugRoles
FNDA:2,Token.debugRoles
DA:534,2
DA:544,0
FN:544,Token._emitTransfer
FNDA:0,Token._emitTransfer
DA:545,0
DA:552,4023
FN:552,Token._updateWithoutFee
FNDA:4023,Token._updateWithoutFee
DA:553,4023
DA:554,4019
DA:561,3010
FN:561,Token._executeTransfer
FNDA:3010,Token._executeTransfer
DA:562,3010
DA:569,1013
FN:569,Token._transfer1363
FNDA:1013,Token._transfer1363
DA:570,1013
DA:576,6
FN:576,Token._spendAllowance
FNDA:6,Token._spendAllowance
DA:577,6
DA:578,6
BRDA:578,7,0,1
DA:579,1
DA:581,5
DA:588,25054
FN:588,Token.balanceOf
FNDA:25054,Token.balanceOf
DA:589,28061
DA:595,5
FN:595,Token._approve1363
FNDA:5,Token._approve1363
DA:596,5
DA:602,3
FN:602,Token.supportsInterface
FNDA:3,Token.supportsInterface
DA:603,3
FNF:33
FNH:31
LF:126
LH:121
BRF:10
BRH:10
end_of_record
TN:
SF:contracts/TokenV2.sol
DA:17,2
FN:17,TokenV2.constructor
FNDA:2,TokenV2.constructor
DA:18,2
DA:24,0
FN:24,TokenV2.initializeV2
FNDA:0,TokenV2.initializeV2
DA:25,0
DA:26,0
DA:33,0
FN:33,TokenV2.setNewVariable
FNDA:0,TokenV2.setNewVariable
DA:34,0
DA:41,0
FN:41,TokenV2.setNewString
FNDA:0,TokenV2.setNewString
DA:42,0
DA:49,1
FN:49,TokenV2.getCombinedValue
FNDA:1,TokenV2.getCombinedValue
DA:50,1
FNF:5
FNH:2
LF:11
LH:4
BRF:0
BRH:0
end_of_record
TN:
SF:contracts/TokenV3.sol
DA:16,0
FN:16,TokenV3.constructor
FNDA:0,TokenV3.constructor
DA:17,0
DA:23,0
FN:23,TokenV3.initializeV3
FNDA:0,TokenV3.initializeV3
DA:24,0
DA:31,0
FN:31,TokenV3.setAnotherVariable
FNDA:0,TokenV3.setAnotherVariable
DA:32,0
DA:39,0
FN:39,TokenV3.getAllCombinedValue
FNDA:0,TokenV3.getAllCombinedValue
DA:40,0
DA:47,0
FN:47,TokenV3.greet
FNDA:0,TokenV3.greet
DA:48,0
FNF:5
FNH:0
LF:10
LH:0
BRF:0
BRH:0
end_of_record
TN:
SF:contracts/extensions/ERC20EIP3009Upgradeable.sol
DA:39,117
FN:39,ERC20EIP3009Upgradeable.__ERC20EIP3009_init
FNDA:117,ERC20EIP3009Upgradeable.__ERC20EIP3009_init
DA:43,0
FN:43,ERC20EIP3009Upgradeable.__ERC20EIP3009_init_unchained
FNDA:0,ERC20EIP3009Upgradeable.__ERC20EIP3009_init_unchained
DA:57,3013
FN:57,ERC20EIP3009Upgradeable.transferWithAuthorization
FNDA:3013,ERC20EIP3009Upgradeable.transferWithAuthorization
DA:68,3013
DA:70,3008
DA:71,3008
DA:73,3008
DA:75,3008
DA:90,4
FN:90,ERC20EIP3009Upgradeable.receiveWithAuthorization
FNDA:4,ERC20EIP3009Upgradeable.receiveWithAuthorization
DA:101,4
BRDA:101,0,0,1
DA:102,1
DA:105,3
DA:107,2
DA:108,2
DA:110,2
DA:112,2
DA:123,3
FN:123,ERC20EIP3009Upgradeable.cancelAuthorization
FNDA:3,ERC20EIP3009Upgradeable.cancelAuthorization
DA:130,3
DA:138,3
DA:139,3
DA:141,3
BRDA:141,1,0,1
DA:142,1
DA:145,2
DA:146,1
BRDA:146,2,0,1
DA:147,1
DA:150,1
DA:151,1
DA:160,2006
FN:160,ERC20EIP3009Upgradeable.authorizationState
FNDA:2006,ERC20EIP3009Upgradeable.authorizationState
DA:161,2006
DA:162,2006
DA:165,3016
FN:165,ERC20EIP3009Upgradeable._validateAuthorization
FNDA:3016,ERC20EIP3009Upgradeable._validateAuthorization
DA:176,3016
DA:180,3016
DA:181,3016
DA:183,3016
BRDA:183,3,0,1
DA:184,1
DA:187,3015
DA:188,3
BRDA:188,4,0,3
DA:189,3
DA:192,3012
BRDA:192,5,0,1
DA:193,1
DA:196,3011
BRDA:196,6,0,1
DA:197,1
DA:201,8033
FN:201,ERC20EIP3009Upgradeable._getEIP3009Storage
FNDA:8033,ERC20EIP3009Upgradeable._getEIP3009Storage
DA:202,8033
DA:204,8033
FNF:8
FNH:7
LF:46
LH:45
BRF:7
BRH:7
end_of_record
TN:
SF:contracts/extensions/ERC20FeeUpgradeable.sol
DA:36,117
FN:36,ERC20FeeUpgradeable.__ERC20Fee_init
FNDA:117,ERC20FeeUpgradeable.__ERC20Fee_init
DA:37,117
DA:39,117
DA:41,117
BRDA:41,0,0,0
DA:42,0
DA:45,117
BRDA:45,1,0,0
DA:46,0
DA:49,117
DA:50,117
DA:53,0
FN:53,ERC20FeeUpgradeable.__ERC20Fee_init_unchained
FNDA:0,ERC20FeeUpgradeable.__ERC20Fee_init_unchained
DA:59,2037
FN:59,ERC20FeeUpgradeable.fee
FNDA:2037,ERC20FeeUpgradeable.fee
DA:60,2038
DA:61,2038
DA:68,5
FN:68,ERC20FeeUpgradeable.feeCollector
FNDA:5,ERC20FeeUpgradeable.feeCollector
DA:69,2822
DA:70,2822
DA:78,2
FN:78,ERC20FeeUpgradeable.isFeeFree
FNDA:2,ERC20FeeUpgradeable.isFeeFree
DA:79,2
DA:80,2
DA:87,4004
FN:87,ERC20FeeUpgradeable.setFee
FNDA:4004,ERC20FeeUpgradeable.setFee
DA:88,4004
BRDA:88,2,0,1000
DA:89,1000
DA:92,3004
DA:93,3004
DA:94,3004
DA:95,3004
DA:102,4
FN:102,ERC20FeeUpgradeable.setFeeCollector
FNDA:4,ERC20FeeUpgradeable.setFeeCollector
DA:103,3
BRDA:103,3,0,1
DA:104,1
DA:107,2
DA:108,2
DA:109,2
DA:110,2
DA:117,2004
FN:117,ERC20FeeUpgradeable.addFeeFree
FNDA:2004,ERC20FeeUpgradeable.addFeeFree
DA:118,2004
DA:119,2004
DA:120,2004
DA:127,1
FN:127,ERC20FeeUpgradeable.removeFeeFree
FNDA:1,ERC20FeeUpgradeable.removeFeeFree
DA:128,1
DA:129,1
DA:130,1
DA:143,6013
FN:143,ERC20FeeUpgradeable._calculateFee
FNDA:6013,ERC20FeeUpgradeable._calculateFee
DA:144,6013
DA:147,6013
BRDA:147,4,0,95
DA:148,95
DA:152,5918
BRDA:152,5,0,0
DA:153,0
DA:157,5918
BRDA:157,6,0,2003
DA:158,2003
DA:162,3915
DA:165,16003
FN:165,ERC20FeeUpgradeable._getFeeStorage
FNDA:16003,ERC20FeeUpgradeable._getFeeStorage
DA:166,16003
DA:168,16003
FNF:11
FNH:10
LF:53
LH:49
BRF:7
BRH:4
end_of_record
TN:
SF:contracts/extensions/ERC20FreezableUpgradeable.sol
DA:33,117
FN:33,ERC20FreezableUpgradeable.__ERC20Freezable_init
FNDA:117,ERC20FreezableUpgradeable.__ERC20Freezable_init
DA:34,117
DA:37,0
FN:37,ERC20FreezableUpgradeable.__ERC20Freezable_init_unchained
FNDA:0,ERC20FreezableUpgradeable.__ERC20Freezable_init_unchained
DA:44,5
FN:44,ERC20FreezableUpgradeable.frozenOf
FNDA:5,ERC20FreezableUpgradeable.frozenOf
DA:45,24086
DA:46,24086
DA:54,1004
FN:54,ERC20FreezableUpgradeable.availableBalanceOf
FNDA:1004,ERC20FreezableUpgradeable.availableBalanceOf
DA:55,1004
DA:56,1004
DA:58,1004
BRDA:58,0,0,1002
DA:59,1002
DA:61,2
DA:69,2008
FN:69,ERC20FreezableUpgradeable.freeze
FNDA:2008,ERC20FreezableUpgradeable.freeze
DA:70,2008
DA:71,2008
DA:72,2008
DA:73,2008
DA:80,1004
FN:80,ERC20FreezableUpgradeable.freezeAll
FNDA:1004,ERC20FreezableUpgradeable.freezeAll
DA:81,1004
DA:82,1004
DA:83,1004
DA:84,1004
DA:85,1004
DA:92,1002
FN:92,ERC20FreezableUpgradeable.unfreeze
FNDA:1002,ERC20FreezableUpgradeable.unfreeze
DA:93,1002
DA:94,1002
DA:95,1002
DA:96,1002
DA:97,1002
DA:105,3
FN:105,ERC20FreezableUpgradeable.reduceFrozen
FNDA:3,ERC20FreezableUpgradeable.reduceFrozen
DA:106,3
DA:107,3
DA:109,3
BRDA:109,1,0,1
DA:110,1
DA:113,2
DA:114,2
DA:115,2
DA:118,28103
FN:118,ERC20FreezableUpgradeable._getFreezableStorage
FNDA:28103,ERC20FreezableUpgradeable._getFreezableStorage
DA:119,28103
DA:121,28103
FNF:9
FNH:8
LF:40
LH:39
BRF:2
BRH:2
end_of_record
TN:
SF:contracts/extensions/ERC20RecoverableUpgradeable.sol
DA:19,117
FN:19,ERC20RecoverableUpgradeable.__ERC20Recoverable_init
FNDA:117,ERC20RecoverableUpgradeable.__ERC20Recoverable_init
DA:20,117
DA:23,0
FN:23,ERC20RecoverableUpgradeable.__ERC20Recoverable_init_unchained
FNDA:0,ERC20RecoverableUpgradeable.__ERC20Recoverable_init_unchained
DA:31,1004
FN:31,ERC20RecoverableUpgradeable.recoverERC20
FNDA:1004,ERC20RecoverableUpgradeable.recoverERC20
DA:32,1003
BRDA:32,0,0,1
DA:33,1
DA:36,1002
DA:40,1002
BRDA:40,1,0,0
DA:41,0
DA:50,1005
FN:50,ERC20RecoverableUpgradeable.recoverETH
FNDA:1005,ERC20RecoverableUpgradeable.recoverETH
DA:51,1004
BRDA:51,2,0,1
DA:52,1
DA:55,1003
DA:56,1003
BRDA:56,3,0,1
DA:57,1
DA:67,4
FN:67,ERC20RecoverableUpgradeable.recoverERC721
FNDA:4,ERC20RecoverableUpgradeable.recoverERC721
DA:68,3
BRDA:68,4,0,1
DA:69,1
DA:74,2
DA:83,2
BRDA:83,5,0,1
DA:84,1
FNF:5
FNH:4
LF:21
LH:19
BRF:6
BRH:5
end_of_record
TN:
SF:contracts/extensions/ERC20RestrictedUpgradeable.sol
DA:30,117
FN:30,ERC20RestrictedUpgradeable.__ERC20Restricted_init
FNDA:117,ERC20RestrictedUpgradeable.__ERC20Restricted_init
DA:31,117
DA:34,0
FN:34,ERC20RestrictedUpgradeable.__ERC20Restricted_init_unchained
FNDA:0,ERC20RestrictedUpgradeable.__ERC20Restricted_init_unchained
DA:41,2002
FN:41,ERC20RestrictedUpgradeable.isBlocked
FNDA:2002,ERC20RestrictedUpgradeable.isBlocked
DA:42,24076
DA:43,24076
DA:50,1005
FN:50,ERC20RestrictedUpgradeable.blockUser
FNDA:1005,ERC20RestrictedUpgradeable.blockUser
DA:51,1007
DA:52,1007
DA:53,1007
DA:60,0
FN:60,ERC20RestrictedUpgradeable.resetUser
FNDA:0,ERC20RestrictedUpgradeable.resetUser
DA:61,1002
DA:62,1002
DA:63,1002
DA:66,26085
FN:66,ERC20RestrictedUpgradeable._getRestrictedStorage
FNDA:26085,ERC20RestrictedUpgradeable._getRestrictedStorage
DA:67,26085
DA:69,26085
FNF:6
FNH:4
LF:17
LH:15
BRF:0
BRH:0
end_of_record
TN:
SF:contracts/extensions/ERC20_1363Upgradeable.sol
DA:27,117
FN:27,ERC20_1363Upgradeable.__ERC20_1363_init
FNDA:117,ERC20_1363Upgradeable.__ERC20_1363_init
DA:28,117
DA:31,0
FN:31,ERC20_1363Upgradeable.__ERC20_1363_init_unchained
FNDA:0,ERC20_1363Upgradeable.__ERC20_1363_init_unchained
DA:39,1008
FN:39,ERC20_1363Upgradeable.transferAndCall.0
FNDA:1008,ERC20_1363Upgradeable.transferAndCall.0
DA:40,1008
DA:50,1
FN:50,ERC20_1363Upgradeable.transferAndCall.1
FNDA:1,ERC20_1363Upgradeable.transferAndCall.1
DA:51,1009
DA:53,1006
DA:55,1004
DA:65,4
FN:65,ERC20_1363Upgradeable.transferFromAndCall.0
FNDA:4,ERC20_1363Upgradeable.transferFromAndCall.0
DA:66,4
DA:77,1
FN:77,ERC20_1363Upgradeable.transferFromAndCall.1
FNDA:1,ERC20_1363Upgradeable.transferFromAndCall.1
DA:78,5
DA:79,4
DA:81,4
DA:83,3
DA:92,4
FN:92,ERC20_1363Upgradeable.approveAndCall.0
FNDA:4,ERC20_1363Upgradeable.approveAndCall.0
DA:93,4
DA:103,1
FN:103,ERC20_1363Upgradeable.approveAndCall.1
FNDA:1,ERC20_1363Upgradeable.approveAndCall.1
DA:104,5
DA:106,5
DA:108,3
DA:114,1010
FN:114,ERC20_1363Upgradeable._checkAndCallTransfer
FNDA:1010,ERC20_1363Upgradeable._checkAndCallTransfer
DA:115,1010
BRDA:115,0,0,7
DA:116,7
BRDA:116,1,0,7
DA:117,6
BRDA:117,2,0,2
DA:118,2
DA:120,1
BRDA:120,1,1,1
DA:121,1
DA:129,5
FN:129,ERC20_1363Upgradeable._checkAndCallApproval
FNDA:5,ERC20_1363Upgradeable._checkAndCallApproval
DA:130,5
BRDA:130,3,0,4
DA:131,4
BRDA:131,4,0,4
DA:132,3
BRDA:132,5,0,1
DA:133,1
DA:135,1
BRDA:135,4,1,1
DA:136,1
DA:144,1015
FN:144,ERC20_1363Upgradeable._isContract
FNDA:1015,ERC20_1363Upgradeable._isContract
DA:145,1015
DA:151,3
FN:151,ERC20_1363Upgradeable.supportsInterface
FNDA:3,ERC20_1363Upgradeable.supportsInterface
DA:152,3
FNF:12
FNH:11
LF:40
LH:39
BRF:8
BRH:8
end_of_record
TN:
SF:contracts/mocks/MockERC1363Receiver.sol
DA:26,4
FN:26,MockERC1363Receiver.onTransferReceived
FNDA:4,MockERC1363Receiver.onTransferReceived
DA:27,4
DA:28,4
DA:38,2
FN:38,MockERC1363Receiver.onApprovalReceived
FNDA:2,MockERC1363Receiver.onApprovalReceived
DA:39,2
DA:40,2
FNF:2
FNH:2
LF:6
LH:6
BRF:0
BRH:0
end_of_record
TN:
SF:contracts/mocks/MockERC1363Spender.sol
DA:22,0
FN:22,MockERC1363Spender.onApprovalReceived
FNDA:0,MockERC1363Spender.onApprovalReceived
DA:23,0
DA:24,0
FNF:1
FNH:0
LF:3
LH:0
BRF:0
BRH:0
end_of_record
TN:
SF:contracts/mocks/MockERC20.sol
DA:11,16
FN:11,MockERC20.constructor
FNDA:16,MockERC20.constructor
DA:12,16
DA:15,1004
FN:15,MockERC20.mint
FNDA:1004,MockERC20.mint
DA:16,1004
FNF:2
FNH:2
LF:4
LH:4
BRF:0
BRH:0
end_of_record
TN:
SF:contracts/mocks/MockERC721.sol
DA:15,4
FN:15,MockERC721.mint
FNDA:4,MockERC721.mint
DA:16,4
DA:17,4
DA:18,4
DA:21,0
FN:21,MockERC721.tokenURI
FNDA:0,MockERC721.tokenURI
DA:22,0
FNF:2
FNH:1
LF:6
LH:4
BRF:0
BRH:0
end_of_record
TN:
SF:test/foundry/TokenERC1363Test.t.sol
DA:29,2
FN:29,BadReceiver.onTransferReceived.0
FNDA:2,BadReceiver.onTransferReceived.0
DA:30,2
DA:36,1
FN:36,RevertingReceiver.onTransferReceived.1
FNDA:1,RevertingReceiver.onTransferReceived.1
DA:37,1
DA:43,1
FN:43,BadSpender.onApprovalReceived.0
FNDA:1,BadSpender.onApprovalReceived.0
DA:44,1
DA:50,1
FN:50,RevertingSpender.onApprovalReceived.1
FNDA:1,RevertingSpender.onApprovalReceived.1
DA:51,1
FNF:4
FNH:4
LF:8
LH:8
BRF:0
BRH:0
end_of_record
TN:
SF:test/foundry/TokenHandler.sol
DA:32,32
FN:32,TokenHandler.constructor
FNDA:32,TokenHandler.constructor
DA:33,32
DA:34,32
DA:37,32
DA:38,32
DA:39,32
DA:40,32
DA:41,32
DA:42,32
DA:45,32
DA:46,32
DA:47,32
DA:48,32
DA:49,32
DA:50,32
DA:51,32
DA:52,32
DA:55,32
DA:56,160
DA:57,160
DA:58,160
DA:61,160
DA:62,160
DA:63,160
DA:66,32
DA:69,0
FN:69,TokenHandler.getActors
FNDA:0,TokenHandler.getActors
DA:70,0
DA:75,0
FN:75,TokenHandler.mint
FNDA:0,TokenHandler.mint
DA:76,0
DA:77,0
DA:79,0
DA:80,0
DA:81,0
DA:84,0
FN:84,TokenHandler.burn
FNDA:0,TokenHandler.burn
DA:85,0
DA:86,0
DA:87,0
DA:89,0
BRDA:89,0,0,-
DA:90,0
DA:91,0
DA:92,0
DA:96,0
FN:96,TokenHandler.transfer
FNDA:0,TokenHandler.transfer
DA:97,0
DA:98,0
DA:101,0
BRDA:101,1,0,-
DA:102,0
DA:105,0
DA:106,0
DA:107,0
DA:109,0
DA:111,0
BRDA:111,2,0,-
DA:112,0
DA:113,0
DA:117,0
FN:117,TokenHandler.setFee
FNDA:0,TokenHandler.setFee
DA:118,0
DA:120,0
DA:121,0
DA:122,0
DA:125,0
FN:125,TokenHandler.freeze
FNDA:0,TokenHandler.freeze
DA:126,0
DA:127,0
DA:129,0
DA:130,0
DA:133,0
FN:133,TokenHandler.freezeAll
FNDA:0,TokenHandler.freezeAll
DA:134,0
DA:136,0
DA:137,0
DA:140,0
FN:140,TokenHandler.unfreeze
FNDA:0,TokenHandler.unfreeze
DA:141,0
DA:143,0
DA:144,0
DA:147,0
FN:147,TokenHandler.blockUser
FNDA:0,TokenHandler.blockUser
DA:148,0
DA:150,0
DA:151,0
DA:154,0
FN:154,TokenHandler.resetUser
FNDA:0,TokenHandler.resetUser
DA:155,0
DA:157,0
DA:158,0
DA:161,0
FN:161,TokenHandler.pause
FNDA:0,TokenHandler.pause
DA:162,0
DA:163,0
DA:166,0
FN:166,TokenHandler.unpause
FNDA:0,TokenHandler.unpause
DA:167,0
DA:168,0
FNF:13
FNH:1
LF:85
LH:25
BRF:3
BRH:0
end_of_record
TN:
SF:test/foundry/UUPSProxy.sol
DA:12,117
FN:12,UUPSProxy.constructor
FNDA:117,UUPSProxy.constructor
DA:13,117
DA:14,117
DA:16,117
BRDA:16,0,0,117
DA:17,117
DA:18,117
BRDA:18,1,0,0
BRDA:18,1,1,117
DA:22,117
FN:22,UUPSProxy._setImplementation
FNDA:117,UUPSProxy._setImplementation
DA:24,117
DA:28,117
FN:28,UUPSProxy._setAdmin
FNDA:117,UUPSProxy._setAdmin
DA:30,117
DA:34,81141
FN:34,UUPSProxy.fallback
FNDA:81141,UUPSProxy.fallback
DA:35,81141
DA:37,81141
DA:40,81141
BRDA:40,2,0,0
BRDA:40,2,1,81141
DA:43,81141
DA:44,81141
DA:45,81141
DA:48,81141
DA:49,79099
FNF:4
FNH:4
LF:19
LH:19
BRF:5
BRH:3
end_of_record
